<?xml version="1.0" encoding="UTF-8"?>
<testng-results ignored="0" total="1" passed="1" failed="0" skipped="0">
  <reporter-output>
  </reporter-output>
  <suite started-at="2025-02-10T19:16:50 IST" name="Default suite" finished-at="2025-02-10T19:16:50 IST" duration-ms="65">
    <groups>
    </groups>
    <test started-at="2025-02-10T19:16:50 IST" name="Default test" finished-at="2025-02-10T19:16:50 IST" duration-ms="65">
      <class name="pratice.Demo">
        <test-method signature="m1()[pri:0, instance:pratice.Demo@5b247367]" started-at="2025-02-10T19:16:50 IST" name="m1" finished-at="2025-02-10T19:16:50 IST" duration-ms="11" status="PASS">
          <reporter-output>
          </reporter-output>
        </test-method> <!-- m1 -->
      </class> <!-- pratice.Demo -->
    </test> <!-- Default test -->
  </suite> <!-- Default suite -->
</testng-results>
